<?xml version="1.0" encoding="UTF-8"?>
<!-- Generated by org.testng.reporters.JUnitReportReporter -->
<testsuite hostname="DESKTOP-9T6KQTB" failures="0" tests="4" name="runner.testNGRunner" time="68.595" errors="0" timestamp="2023-04-28T18:24:26 IST" skipped="0">
  <testcase classname="runner.testNGRunner" name="runScenario" time="19.912"/>
  <system-out/>
  <testcase classname="runner.testNGRunner" name="runScenario" time="19.048"/>
  <system-out/>
  <testcase classname="runner.testNGRunner" name="runScenario" time="11.246"/>
  <system-out/>
  <testcase classname="runner.testNGRunner" name="runScenario" time="18.389"/>
  <system-out/>
</testsuite> <!-- runner.testNGRunner -->
